<?xml version="1.0" encoding="UTF-8"?>
<testsuite xmlns:xsi="http://www.w3.org/2001/XMLSchema-instance" xsi:noNamespaceSchemaLocation="https://maven.apache.org/surefire/maven-surefire-plugin/xsd/surefire-test-report-3.0.xsd" version="3.0" name="wad.WADIntegrationTest" time="0.001" tests="16" errors="0" skipped="0" failures="0">
  <properties>
[...]
</properties>
  <testcase name="testLinkedHashMapBehavior" classname="wad.WADIntegrationTest" time="0"/>
  <testcase name="testWordEqualityAfterModification" classname="wad.WADIntegrationTest" time="0"/>
  <testcase name="testConcurrentModificationScenario" classname="wad.WADIntegrationTest" time="0"/>
  <testcase name="testManyAttemptsForSingleWord" classname="wad.WADIntegrationTest" time="0"/>
  <testcase name="testEmptyWordList" classname="wad.WADIntegrationTest" time="0"/>
  <testcase name="testNullDefinitionHandling" classname="wad.WADIntegrationTest" time="0"/>
  <testcase name="testWordWithVeryLongDefinition" classname="wad.WADIntegrationTest" time="0"/>
  <testcase name="testWordCloning" classname="wad.WADIntegrationTest" time="0"/>
  <testcase name="testWordWithUnicodeCharacters" classname="wad.WADIntegrationTest" time="0"/>
  <testcase name="testLargeWordDatabase" classname="wad.WADIntegrationTest" time="0"/>
  <testcase name="testWordWithEmptyTitle" classname="wad.WADIntegrationTest" time="0"/>
  <testcase name="testWordWithSpecialCharacters" classname="wad.WADIntegrationTest" time="0"/>
  <testcase name="testAddingWordToList" classname="wad.WADIntegrationTest" time="0"/>
  <testcase name="testNullExampleHandling" classname="wad.WADIntegrationTest" time="0"/>
  <testcase name="testVeryOldAttempt" classname="wad.WADIntegrationTest" time="0"/>
  <testcase name="testWordListSearchPerformance" classname="wad.WADIntegrationTest" time="0"/>
</testsuite>